<?xml version="1.0" encoding="UTF-8"?>
<!-- Generated by org.testng.reporters.JUnitReportReporter -->
<testsuite hostname="HYD2-5CG6180PBB" failures="0" tests="1" name="javaStream.Test1" time="0.017" errors="0" timestamp="2021-06-13T23:49:38 IST" skipped="0">
  <testcase classname="javaStream.Test1" name="streamMap" time="0.017"/>
  <system-out/>
</testsuite> <!-- javaStream.Test1 -->
